This file contains any messages produced by compilers while
running configure, to aid debugging if configure makes a mistake.

It was created by kigyo configure 0.1, which was
generated by GNU Autoconf 2.64.  Invocation command line was

  $ ./configure 

## --------- ##
## Platform. ##
## --------- ##

hostname = eee-karmic
uname -m = i686
uname -r = 2.6.31-14-generic
uname -s = Linux
uname -v = #48-Ubuntu SMP Fri Oct 16 14:04:26 UTC 2009

/usr/bin/uname -p = unknown
/bin/uname -X     = unknown

/bin/arch              = unknown
/usr/bin/arch -k       = unknown
/usr/convex/getsysinfo = unknown
/usr/bin/hostinfo      = unknown
/bin/machine           = unknown
/usr/bin/oslevel       = unknown
/bin/universe          = unknown

PATH: /usr/local/sbin
PATH: /usr/local/bin
PATH: /usr/sbin
PATH: /usr/bin
PATH: /sbin
PATH: /bin
PATH: /usr/games


## ----------- ##
## Core tests. ##
## ----------- ##

configure:2249: checking for a BSD-compatible install
configure:2317: result: /usr/bin/install -c
configure:2328: checking whether build environment is sane
configure:2378: result: yes
configure:2519: checking for a thread-safe mkdir -p
configure:2558: result: /bin/mkdir -p
configure:2571: checking for gawk
configure:2601: result: no
configure:2571: checking for mawk
configure:2587: found /usr/bin/mawk
configure:2598: result: mawk
configure:2609: checking whether make sets $(MAKE)
configure:2631: result: yes
configure:2714: checking whether to enable maintainer-specific portions of Makefiles
configure:2723: result: no
configure:2749: checking for style of include used by make
configure:2777: result: GNU
configure:2847: checking for gcc
configure:2863: found /usr/bin/gcc
configure:2874: result: gcc
configure:3103: checking for C compiler version
configure:3112: gcc --version >&5
gcc (Ubuntu 4.4.1-4ubuntu8) 4.4.1
Copyright (C) 2009 Free Software Foundation, Inc.
This is free software; see the source for copying conditions.  There is NO
warranty; not even for MERCHANTABILITY or FITNESS FOR A PARTICULAR PURPOSE.

configure:3123: $? = 0
configure:3112: gcc -v >&5
Using built-in specs.
Target: i486-linux-gnu
Configured with: ../src/configure -v --with-pkgversion='Ubuntu 4.4.1-4ubuntu8' --with-bugurl=file:///usr/share/doc/gcc-4.4/README.Bugs --enable-languages=c,c++,fortran,objc,obj-c++ --prefix=/usr --enable-shared --enable-multiarch --enable-linker-build-id --with-system-zlib --libexecdir=/usr/lib --without-included-gettext --enable-threads=posix --with-gxx-include-dir=/usr/include/c++/4.4 --program-suffix=-4.4 --enable-nls --enable-clocale=gnu --enable-libstdcxx-debug --enable-objc-gc --enable-targets=all --disable-werror --with-arch-32=i486 --with-tune=generic --enable-checking=release --build=i486-linux-gnu --host=i486-linux-gnu --target=i486-linux-gnu
Thread model: posix
gcc version 4.4.1 (Ubuntu 4.4.1-4ubuntu8) 
configure:3123: $? = 0
configure:3112: gcc -V >&5
gcc: '-V' option must have argument
configure:3123: $? = 1
configure:3112: gcc -qversion >&5
gcc: unrecognized option '-qversion'
gcc: no input files
configure:3123: $? = 1
configure:3145: checking for C compiler default output file name
configure:3167: gcc    conftest.c  >&5
configure:3171: $? = 0
configure:3208: result: a.out
configure:3224: checking whether the C compiler works
configure:3233: ./a.out
configure:3237: $? = 0
configure:3252: result: yes
configure:3259: checking whether we are cross compiling
configure:3261: result: no
configure:3264: checking for suffix of executables
configure:3271: gcc -o conftest    conftest.c  >&5
configure:3275: $? = 0
configure:3297: result: 
configure:3303: checking for suffix of object files
configure:3325: gcc -c   conftest.c >&5
configure:3329: $? = 0
configure:3350: result: o
configure:3354: checking whether we are using the GNU C compiler
configure:3373: gcc -c   conftest.c >&5
configure:3373: $? = 0
configure:3382: result: yes
configure:3391: checking whether gcc accepts -g
configure:3411: gcc -c -g  conftest.c >&5
configure:3411: $? = 0
configure:3452: result: yes
configure:3469: checking for gcc option to accept ISO C89
configure:3533: gcc  -c -g -O2  conftest.c >&5
configure:3533: $? = 0
configure:3546: result: none needed
configure:3568: checking dependency style of gcc
configure:3678: result: gcc3
configure:3694: checking for library containing strerror
configure:3725: gcc -o conftest -g -O2   conftest.c  >&5
configure:3725: $? = 0
configure:3742: result: none required
configure:3798: checking for gcc
configure:3825: result: gcc
configure:4054: checking for C compiler version
configure:4063: gcc --version >&5
gcc (Ubuntu 4.4.1-4ubuntu8) 4.4.1
Copyright (C) 2009 Free Software Foundation, Inc.
This is free software; see the source for copying conditions.  There is NO
warranty; not even for MERCHANTABILITY or FITNESS FOR A PARTICULAR PURPOSE.

configure:4074: $? = 0
configure:4063: gcc -v >&5
Using built-in specs.
Target: i486-linux-gnu
Configured with: ../src/configure -v --with-pkgversion='Ubuntu 4.4.1-4ubuntu8' --with-bugurl=file:///usr/share/doc/gcc-4.4/README.Bugs --enable-languages=c,c++,fortran,objc,obj-c++ --prefix=/usr --enable-shared --enable-multiarch --enable-linker-build-id --with-system-zlib --libexecdir=/usr/lib --without-included-gettext --enable-threads=posix --with-gxx-include-dir=/usr/include/c++/4.4 --program-suffix=-4.4 --enable-nls --enable-clocale=gnu --enable-libstdcxx-debug --enable-objc-gc --enable-targets=all --disable-werror --with-arch-32=i486 --with-tune=generic --enable-checking=release --build=i486-linux-gnu --host=i486-linux-gnu --target=i486-linux-gnu
Thread model: posix
gcc version 4.4.1 (Ubuntu 4.4.1-4ubuntu8) 
configure:4074: $? = 0
configure:4063: gcc -V >&5
gcc: '-V' option must have argument
configure:4074: $? = 1
configure:4063: gcc -qversion >&5
gcc: unrecognized option '-qversion'
gcc: no input files
configure:4074: $? = 1
configure:4078: checking whether we are using the GNU C compiler
configure:4106: result: yes
configure:4115: checking whether gcc accepts -g
configure:4176: result: yes
configure:4193: checking for gcc option to accept ISO C89
configure:4270: result: none needed
configure:4292: checking dependency style of gcc
configure:4402: result: gcc3
configure:4465: checking for gcc
configure:4492: result: gcc
configure:4721: checking for C compiler version
configure:4730: gcc --version >&5
gcc (Ubuntu 4.4.1-4ubuntu8) 4.4.1
Copyright (C) 2009 Free Software Foundation, Inc.
This is free software; see the source for copying conditions.  There is NO
warranty; not even for MERCHANTABILITY or FITNESS FOR A PARTICULAR PURPOSE.

configure:4741: $? = 0
configure:4730: gcc -v >&5
Using built-in specs.
Target: i486-linux-gnu
Configured with: ../src/configure -v --with-pkgversion='Ubuntu 4.4.1-4ubuntu8' --with-bugurl=file:///usr/share/doc/gcc-4.4/README.Bugs --enable-languages=c,c++,fortran,objc,obj-c++ --prefix=/usr --enable-shared --enable-multiarch --enable-linker-build-id --with-system-zlib --libexecdir=/usr/lib --without-included-gettext --enable-threads=posix --with-gxx-include-dir=/usr/include/c++/4.4 --program-suffix=-4.4 --enable-nls --enable-clocale=gnu --enable-libstdcxx-debug --enable-objc-gc --enable-targets=all --disable-werror --with-arch-32=i486 --with-tune=generic --enable-checking=release --build=i486-linux-gnu --host=i486-linux-gnu --target=i486-linux-gnu
Thread model: posix
gcc version 4.4.1 (Ubuntu 4.4.1-4ubuntu8) 
configure:4741: $? = 0
configure:4730: gcc -V >&5
gcc: '-V' option must have argument
configure:4741: $? = 1
configure:4730: gcc -qversion >&5
gcc: unrecognized option '-qversion'
gcc: no input files
configure:4741: $? = 1
configure:4745: checking whether we are using the GNU C compiler
configure:4773: result: yes
configure:4782: checking whether gcc accepts -g
configure:4843: result: yes
configure:4860: checking for gcc option to accept ISO C89
configure:4937: result: none needed
configure:4959: checking dependency style of gcc
configure:5069: result: gcc3
configure:5092: checking how to run the C preprocessor
configure:5123: gcc -E  conftest.c
configure:5123: $? = 0
configure:5137: gcc -E  conftest.c
conftest.c:11:28: error: ac_nonexistent.h: No such file or directory
configure:5137: $? = 1
configure: failed program was:
| /* confdefs.h */
| #define PACKAGE_NAME "kigyo"
| #define PACKAGE_TARNAME "kigyo"
| #define PACKAGE_VERSION "0.1"
| #define PACKAGE_STRING "kigyo 0.1"
| #define PACKAGE_BUGREPORT ""
| #define PACKAGE_URL ""
| #define PACKAGE "kigyo"
| #define VERSION "0.1"
| /* end confdefs.h.  */
| #include <ac_nonexistent.h>
configure:5162: result: gcc -E
configure:5182: gcc -E  conftest.c
configure:5182: $? = 0
configure:5196: gcc -E  conftest.c
conftest.c:11:28: error: ac_nonexistent.h: No such file or directory
configure:5196: $? = 1
configure: failed program was:
| /* confdefs.h */
| #define PACKAGE_NAME "kigyo"
| #define PACKAGE_TARNAME "kigyo"
| #define PACKAGE_VERSION "0.1"
| #define PACKAGE_STRING "kigyo 0.1"
| #define PACKAGE_BUGREPORT ""
| #define PACKAGE_URL ""
| #define PACKAGE "kigyo"
| #define VERSION "0.1"
| /* end confdefs.h.  */
| #include <ac_nonexistent.h>
configure:5225: checking for grep that handles long lines and -e
configure:5283: result: /bin/grep
configure:5288: checking for egrep
configure:5350: result: /bin/grep -E
configure:5355: checking for ANSI C header files
configure:5375: gcc -c -g -O2  conftest.c >&5
configure:5375: $? = 0
configure:5448: gcc -o conftest -g -O2   conftest.c  >&5
configure:5448: $? = 0
configure:5448: ./conftest
configure:5448: $? = 0
configure:5459: result: yes
configure:5500: checking build system type
configure:5514: result: i686-pc-linux-gnu
configure:5534: checking host system type
configure:5547: result: i686-pc-linux-gnu
configure:5567: checking for a sed that does not truncate output
configure:5631: result: /bin/sed
configure:5649: checking for fgrep
configure:5711: result: /bin/grep -F
configure:5746: checking for ld used by gcc
configure:5813: result: /usr/bin/ld
configure:5820: checking if the linker (/usr/bin/ld) is GNU ld
configure:5835: result: yes
configure:5847: checking for BSD- or MS-compatible name lister (nm)
configure:5896: result: /usr/bin/nm -B
configure:6014: checking the name lister (/usr/bin/nm -B) interface
configure:6021: gcc -c -g -O2  conftest.c >&5
configure:6024: /usr/bin/nm -B "conftest.o"
configure:6027: output
00000000 B some_variable
configure:6034: result: BSD nm
configure:6037: checking whether ln -s works
configure:6041: result: yes
configure:6049: checking the maximum length of command line arguments
configure:6169: result: 1572864
configure:6186: checking whether the shell understands some XSI constructs
configure:6196: result: yes
configure:6200: checking whether the shell understands "+="
configure:6206: result: yes
configure:6241: checking for /usr/bin/ld option to reload object files
configure:6248: result: -r
configure:6317: checking for objdump
configure:6333: found /usr/bin/objdump
configure:6344: result: objdump
configure:6376: checking how to recognize dependent libraries
configure:6572: result: pass_all
configure:6632: checking for ar
configure:6648: found /usr/bin/ar
configure:6659: result: ar
configure:6737: checking for strip
configure:6753: found /usr/bin/strip
configure:6764: result: strip
configure:6836: checking for ranlib
configure:6852: found /usr/bin/ranlib
configure:6863: result: ranlib
configure:6953: checking command to parse /usr/bin/nm -B output from gcc object
configure:7071: gcc -c -g -O2  conftest.c >&5
configure:7074: $? = 0
configure:7078: /usr/bin/nm -B conftest.o \| sed -n -e 's/^.*[	 ]\([ABCDGIRSTW][ABCDGIRSTW]*\)[	 ][	 ]*\([_A-Za-z][_A-Za-z0-9]*\)$/\1 \2 \2/p' \> conftest.nm
configure:7081: $? = 0
configure:7135: gcc -o conftest -g -O2   conftest.c conftstm.o >&5
configure:7138: $? = 0
configure:7176: result: ok
configure:7984: checking for sys/types.h
configure:7984: gcc -c -g -O2  conftest.c >&5
configure:7984: $? = 0
configure:7984: result: yes
configure:7984: checking for sys/stat.h
configure:7984: gcc -c -g -O2  conftest.c >&5
configure:7984: $? = 0
configure:7984: result: yes
configure:7984: checking for stdlib.h
configure:7984: gcc -c -g -O2  conftest.c >&5
configure:7984: $? = 0
configure:7984: result: yes
configure:7984: checking for string.h
configure:7984: gcc -c -g -O2  conftest.c >&5
configure:7984: $? = 0
configure:7984: result: yes
configure:7984: checking for memory.h
configure:7984: gcc -c -g -O2  conftest.c >&5
configure:7984: $? = 0
configure:7984: result: yes
configure:7984: checking for strings.h
configure:7984: gcc -c -g -O2  conftest.c >&5
configure:7984: $? = 0
configure:7984: result: yes
configure:7984: checking for inttypes.h
configure:7984: gcc -c -g -O2  conftest.c >&5
configure:7984: $? = 0
configure:7984: result: yes
configure:7984: checking for stdint.h
configure:7984: gcc -c -g -O2  conftest.c >&5
configure:7984: $? = 0
configure:7984: result: yes
configure:7984: checking for unistd.h
configure:7984: gcc -c -g -O2  conftest.c >&5
configure:7984: $? = 0
configure:7984: result: yes
configure:7999: checking for dlfcn.h
configure:7999: gcc -c -g -O2  conftest.c >&5
configure:7999: $? = 0
configure:7999: result: yes
configure:8183: checking for objdir
configure:8198: result: .libs
configure:8490: checking if gcc supports -fno-rtti -fno-exceptions
configure:8508: gcc -c -g -O2  -fno-rtti -fno-exceptions conftest.c >&5
cc1: warning: command line option "-fno-rtti" is valid for C++/ObjC++ but not for C
configure:8512: $? = 0
configure:8525: result: no
configure:8545: checking for gcc option to produce PIC
configure:8817: result: -fPIC -DPIC
configure:8829: checking if gcc PIC flag -fPIC -DPIC works
configure:8847: gcc -c -g -O2  -fPIC -DPIC -DPIC conftest.c >&5
configure:8851: $? = 0
configure:8864: result: yes
configure:8888: checking if gcc static flag -static works
configure:8916: result: yes
configure:8931: checking if gcc supports -c -o file.o
configure:8952: gcc -c -g -O2  -o out/conftest2.o conftest.c >&5
configure:8956: $? = 0
configure:8978: result: yes
configure:8986: checking if gcc supports -c -o file.o
configure:9033: result: yes
configure:9066: checking whether the gcc linker (/usr/bin/ld) supports shared libraries
configure:10056: result: yes
configure:10093: checking whether -lc should be explicitly linked in
configure:10098: gcc -c -g -O2  conftest.c >&5
configure:10101: $? = 0
configure:10116: gcc -shared conftest.o  -v -Wl,-soname -Wl,conftest -o conftest 2\>\&1 \| /bin/grep  -lc  \>/dev/null 2\>\&1
configure:10119: $? = 0
configure:10131: result: no
configure:10295: checking dynamic linker characteristics
configure:10728: gcc -o conftest -g -O2   -Wl,-rpath -Wl,/foo conftest.c  >&5
configure:10728: $? = 0
configure:10958: result: GNU/Linux ld.so
configure:11060: checking how to hardcode library paths into programs
configure:11085: result: immediate
configure:11605: checking whether stripping libraries is possible
configure:11610: result: yes
configure:11645: checking if libtool supports shared libraries
configure:11647: result: yes
configure:11650: checking whether to build shared libraries
configure:11671: result: yes
configure:11674: checking whether to build static libraries
configure:11678: result: yes
configure:11849: creating ./config.status

## ---------------------- ##
## Running config.status. ##
## ---------------------- ##

This file was extended by kigyo config.status 0.1, which was
generated by GNU Autoconf 2.64.  Invocation command line was

  CONFIG_FILES    = 
  CONFIG_HEADERS  = 
  CONFIG_LINKS    = 
  CONFIG_COMMANDS = 
  $ ./config.status 

on eee-karmic

config.status:1061: creating Makefile
config.status:1061: creating config.h
config.status:1233: config.h is unchanged
config.status:1281: executing depfiles commands
config.status:1281: executing libtool commands

## ---------------- ##
## Cache variables. ##
## ---------------- ##

ac_cv_build=i686-pc-linux-gnu
ac_cv_c_compiler_gnu=yes
ac_cv_env_CC_set=
ac_cv_env_CC_value=
ac_cv_env_CFLAGS_set=
ac_cv_env_CFLAGS_value=
ac_cv_env_CPPFLAGS_set=
ac_cv_env_CPPFLAGS_value=
ac_cv_env_CPP_set=
ac_cv_env_CPP_value=
ac_cv_env_LDFLAGS_set=
ac_cv_env_LDFLAGS_value=
ac_cv_env_LIBS_set=
ac_cv_env_LIBS_value=
ac_cv_env_build_alias_set=
ac_cv_env_build_alias_value=
ac_cv_env_host_alias_set=
ac_cv_env_host_alias_value=
ac_cv_env_target_alias_set=
ac_cv_env_target_alias_value=
ac_cv_header_dlfcn_h=yes
ac_cv_header_inttypes_h=yes
ac_cv_header_memory_h=yes
ac_cv_header_stdc=yes
ac_cv_header_stdint_h=yes
ac_cv_header_stdlib_h=yes
ac_cv_header_string_h=yes
ac_cv_header_strings_h=yes
ac_cv_header_sys_stat_h=yes
ac_cv_header_sys_types_h=yes
ac_cv_header_unistd_h=yes
ac_cv_host=i686-pc-linux-gnu
ac_cv_objext=o
ac_cv_path_EGREP='/bin/grep -E'
ac_cv_path_FGREP='/bin/grep -F'
ac_cv_path_GREP=/bin/grep
ac_cv_path_SED=/bin/sed
ac_cv_path_install='/usr/bin/install -c'
ac_cv_path_mkdir=/bin/mkdir
ac_cv_prog_AWK=mawk
ac_cv_prog_CPP='gcc -E'
ac_cv_prog_ac_ct_AR=ar
ac_cv_prog_ac_ct_CC=gcc
ac_cv_prog_ac_ct_OBJDUMP=objdump
ac_cv_prog_ac_ct_RANLIB=ranlib
ac_cv_prog_ac_ct_STRIP=strip
ac_cv_prog_cc_c89=
ac_cv_prog_cc_g=yes
ac_cv_prog_make_make_set=yes
ac_cv_search_strerror='none required'
am_cv_CC_dependencies_compiler_type=gcc3
am_cv_prog_cc_stdc=
lt_cv_deplibs_check_method=pass_all
lt_cv_file_magic_cmd='$MAGIC_CMD'
lt_cv_file_magic_test_file=
lt_cv_ld_reload_flag=-r
lt_cv_nm_interface='BSD nm'
lt_cv_objdir=.libs
lt_cv_path_LD=/usr/bin/ld
lt_cv_path_NM='/usr/bin/nm -B'
lt_cv_prog_compiler_c_o=yes
lt_cv_prog_compiler_pic_works=yes
lt_cv_prog_compiler_rtti_exceptions=no
lt_cv_prog_compiler_static_works=yes
lt_cv_prog_gnu_ld=yes
lt_cv_sys_global_symbol_pipe='sed -n -e '\''s/^.*[	 ]\([ABCDGIRSTW][ABCDGIRSTW]*\)[	 ][	 ]*\([_A-Za-z][_A-Za-z0-9]*\)$/\1 \2 \2/p'\'''
lt_cv_sys_global_symbol_to_c_name_address='sed -n -e '\''s/^: \([^ ]*\) $/  {\"\1\", (void *) 0},/p'\'' -e '\''s/^[ABCDGIRSTW]* \([^ ]*\) \([^ ]*\)$/  {"\2", (void *) \&\2},/p'\'''
lt_cv_sys_global_symbol_to_c_name_address_lib_prefix='sed -n -e '\''s/^: \([^ ]*\) $/  {\"\1\", (void *) 0},/p'\'' -e '\''s/^[ABCDGIRSTW]* \([^ ]*\) \(lib[^ ]*\)$/  {"\2", (void *) \&\2},/p'\'' -e '\''s/^[ABCDGIRSTW]* \([^ ]*\) \([^ ]*\)$/  {"lib\2", (void *) \&\2},/p'\'''
lt_cv_sys_global_symbol_to_cdecl='sed -n -e '\''s/^T .* \(.*\)$/extern int \1();/p'\'' -e '\''s/^[ABCDGIRSTW]* .* \(.*\)$/extern char \1;/p'\'''
lt_cv_sys_max_cmd_len=1572864

## ----------------- ##
## Output variables. ##
## ----------------- ##

ACLOCAL='${SHELL} /media/data/BME/Szoftlab/Kigyo/missing --run aclocal-1.11'
AMDEPBACKSLASH='\'
AMDEP_FALSE='#'
AMDEP_TRUE=''
AMTAR='${SHELL} /media/data/BME/Szoftlab/Kigyo/missing --run tar'
AR='ar'
AUTOCONF='${SHELL} /media/data/BME/Szoftlab/Kigyo/missing --run autoconf'
AUTOHEADER='${SHELL} /media/data/BME/Szoftlab/Kigyo/missing --run autoheader'
AUTOMAKE='${SHELL} /media/data/BME/Szoftlab/Kigyo/missing --run automake-1.11'
AWK='mawk'
CC='gcc'
CCDEPMODE='depmode=gcc3'
CFLAGS='-g -O2'
CPP='gcc -E'
CPPFLAGS=''
CYGPATH_W='echo'
DEFS='-DHAVE_CONFIG_H'
DEPDIR='.deps'
DSYMUTIL=''
DUMPBIN=''
ECHO_C=''
ECHO_N='-n'
ECHO_T=''
EGREP='/bin/grep -E'
EXEEXT=''
FGREP='/bin/grep -F'
GREP='/bin/grep'
INSTALL_DATA='${INSTALL} -m 644'
INSTALL_PROGRAM='${INSTALL}'
INSTALL_SCRIPT='${INSTALL}'
INSTALL_STRIP_PROGRAM='$(install_sh) -c -s'
LD='/usr/bin/ld'
LDFLAGS=''
LIBOBJS=''
LIBS=''
LIBTOOL='$(SHELL) $(top_builddir)/libtool'
LIPO=''
LN_S='ln -s'
LTLIBOBJS=''
MAINT='#'
MAINTAINER_MODE_FALSE=''
MAINTAINER_MODE_TRUE='#'
MAKEINFO='${SHELL} /media/data/BME/Szoftlab/Kigyo/missing --run makeinfo'
MKDIR_P='/bin/mkdir -p'
NM='/usr/bin/nm -B'
NMEDIT=''
OBJDUMP='objdump'
OBJEXT='o'
OTOOL64=''
OTOOL=''
PACKAGE='kigyo'
PACKAGE_BUGREPORT=''
PACKAGE_NAME='kigyo'
PACKAGE_STRING='kigyo 0.1'
PACKAGE_TARNAME='kigyo'
PACKAGE_URL=''
PACKAGE_VERSION='0.1'
PATH_SEPARATOR=':'
RANLIB='ranlib'
SED='/bin/sed'
SET_MAKE=''
SHELL='/bin/bash'
STRIP='strip'
VERSION='0.1'
ac_ct_CC='gcc'
ac_ct_DUMPBIN=''
am__EXEEXT_FALSE=''
am__EXEEXT_TRUE='#'
am__fastdepCC_FALSE='#'
am__fastdepCC_TRUE=''
am__include='include'
am__isrc=''
am__leading_dot='.'
am__quote=''
am__tar='${AMTAR} chof - "$$tardir"'
am__untar='${AMTAR} xf -'
bindir='${exec_prefix}/bin'
build='i686-pc-linux-gnu'
build_alias=''
build_cpu='i686'
build_os='linux-gnu'
build_vendor='pc'
datadir='${datarootdir}'
datarootdir='${prefix}/share'
docdir='${datarootdir}/doc/${PACKAGE_TARNAME}'
dvidir='${docdir}'
exec_prefix='${prefix}'
host='i686-pc-linux-gnu'
host_alias=''
host_cpu='i686'
host_os='linux-gnu'
host_vendor='pc'
htmldir='${docdir}'
includedir='${prefix}/include'
infodir='${datarootdir}/info'
install_sh='${SHELL} /media/data/BME/Szoftlab/Kigyo/install-sh'
libdir='${exec_prefix}/lib'
libexecdir='${exec_prefix}/libexec'
localedir='${datarootdir}/locale'
localstatedir='${prefix}/var'
lt_ECHO='echo'
mandir='${datarootdir}/man'
mkdir_p='/bin/mkdir -p'
oldincludedir='/usr/include'
pdfdir='${docdir}'
prefix='/usr/local'
program_transform_name='s,x,x,'
psdir='${docdir}'
sbindir='${exec_prefix}/sbin'
sharedstatedir='${prefix}/com'
sysconfdir='${prefix}/etc'
target_alias=''

## ----------- ##
## confdefs.h. ##
## ----------- ##

/* confdefs.h */
#define PACKAGE_NAME "kigyo"
#define PACKAGE_TARNAME "kigyo"
#define PACKAGE_VERSION "0.1"
#define PACKAGE_STRING "kigyo 0.1"
#define PACKAGE_BUGREPORT ""
#define PACKAGE_URL ""
#define PACKAGE "kigyo"
#define VERSION "0.1"
#define STDC_HEADERS 1
#define HAVE_SYS_TYPES_H 1
#define HAVE_SYS_STAT_H 1
#define HAVE_STDLIB_H 1
#define HAVE_STRING_H 1
#define HAVE_MEMORY_H 1
#define HAVE_STRINGS_H 1
#define HAVE_INTTYPES_H 1
#define HAVE_STDINT_H 1
#define HAVE_UNISTD_H 1
#define HAVE_DLFCN_H 1
#define LT_OBJDIR ".libs/"

configure: exit 0
